<?xml version="1.0" encoding="UTF-8"?>
<!-- Generated by org.testng.reporters.JUnitReportReporter -->
<testsuite skipped="0" hostname="DESKTOP-7DIL52C" name="runner.TestRunner" tests="1" failures="0" timestamp="2022-09-21T14:35:55 EDT" time="44.333" errors="0">
  <testcase name="runScenario" time="44.333" classname="runner.TestRunner"/>
  <system-out/>
</testsuite> <!-- runner.TestRunner -->
